Drill Listing
=============
Drill: .035  Tool: 1  Feed: 197  Speed: 550
X 140000  Y 147500
X 150000  Y 147500
X 140000  Y 157500
X 150000  Y 157500
X 140000  Y 167500
X 150000  Y 167500
X 149000  Y 213000
X 139000  Y 213000
X 149000  Y 223000
X 139000  Y 223000
X 149000  Y 233000
X 139000  Y 233000
X 170000  Y 245000
X 180000  Y 245000
X 190000  Y 245000
X 170000  Y 235000
X 190000  Y 235000
X 180000  Y 235000
X 220000  Y 235000
X 250000  Y 235000
X 230000  Y 235000
X 240000  Y 235000
X 220000  Y 245000
X 230000  Y 245000
X 250000  Y 245000
X 240000  Y 245000
X 260000  Y 245000
X 260000  Y 235000
X 272062  Y 178000
X 281937  Y 178000

Drill: .04331  Tool: 2  Feed: 139  Speed: 550
X 255275  Y 201310

Drill: .06299  Tool: 3  Feed: 89  Speed: 550
X 172598  Y 201400

Drill: .12598  Tool: 4  Feed: 35  Speed: 794
X 130000  Y 130000
X 130000  Y 250000
X 290000  Y 250000
X 290000  Y 130000

End of Listing
