
ROM used: 1123 (14%)
          1123 (14%) including unused fragments

          2 Average locations per line
          16 Average locations per statement

RAM used: 6 (2%) at main() level
          21 (6%) worst case

Stack used: 2 worst case (out of 8 total available)

Lines Stmts  %   Files
----- ----- ---  -----
  154    71 100  main.c
   20     0   0  main.h
  423     0   0  ..\..\..\..\..\..\Program Files (x86)\PICC\devices\16F887.h
----- -----
  597    71 Total

Page ROM  %  RAM   Vol Diff  Functions:
---- --- --- ---   --- ----  ----------
0     20   2   1             @delay_ms1
0     71   6   3             @I2C_READ_1
0     74   7   1             @I2C_WRITE_1
0     36   3   1             @PUTCHAR_1_
0    706  63   0  2134  6.0  main
0     12   1   0             @const78
0     72   6   3             @PSTRINGC7_69
0      6   1   0             @const87
0     79   7   4             @PSTRINGCN7_69
0     33   3   2             @PRINTF_X_69
0     10   1   0             @const93

Program metrics:
    Functions               1
    Statements              71
    Comments                125
    Volume (V)              2162
    Difficilty (D)          5.6
    Effort to implement (E) 12172
    Time to implement (T)   11 minutes
    Est Delivered Bugs (B)  0
    Cyclomatic Complexity   1
    Maintainability (MI)    12

 Segment     Used  Free
-----------  ----  ----
00000-00003     4  0  
00004-007FF  1119  925  
00800-00FFF     0  2048  
01000-017FF     0  2048  
01800-01FFF     0  2048  



