Drill Listing
=============
Drill: 2  Tool: 1  Feed: 0  Speed: 0
X 110000  Y 110000
X 370000  Y 290000
X 370000  Y 110000

Drill: 35  Tool: 2  Feed: 197  Speed: 550
X 157500  Y 150000
X 140000  Y 162500
X 140000  Y 172500
X 140000  Y 182500
X 157500  Y 185000
X 132000  Y 195000
X 142000  Y 205000
X 132000  Y 215000
X 152500  Y 217500
X 134062  Y 232000
X 143937  Y 232000
X 157500  Y 232500
X 177500  Y 245000
X 177500  Y 232500
X 167500  Y 232500
X 160000  Y 200000
X 172000  Y 187000
X 182000  Y 187000
X 172000  Y 177000
X 182000  Y 177000
X 172000  Y 167000
X 182000  Y 167000
X 175000  Y 150000
X 209000  Y 166000
X 197500  Y 167500
X 197500  Y 177500
X 209000  Y 186000
X 197500  Y 187500
X 195000  Y 200000
X 206000  Y 213000
X 187500  Y 217500
X 209062  Y 232000
X 197500  Y 245000
X 187500  Y 245000
X 215000  Y 267358
X 230000  Y 265000
X 230000  Y 255000
X 215000  Y 247641
X 234062  Y 232000
X 218937  Y 232000
X 226000  Y 213000
X 216000  Y 203000
X 231000  Y 186500
X 219000  Y 176000
X 231000  Y 151500
X 210000  Y 150000
X 225000  Y 140000
X 225000  Y 130000
X 235000  Y 130000
X 245000  Y 130000
X 255000  Y 130000
X 235000  Y 140000
X 255000  Y 140000
X 245000  Y 140000
X 257500  Y 155000
X 244000  Y 161000
X 244000  Y 171000
X 244000  Y 181000
X 257500  Y 190000
X 238000  Y 197000
X 248000  Y 207000
X 256500  Y 217000
X 238000  Y 217000
X 243937  Y 232000
X 257500  Y 232500
X 240000  Y 255000
X 250000  Y 255000
X 250000  Y 265000
X 240000  Y 265000
X 262500  Y 265000
X 280000  Y 245000
X 267500  Y 232500
X 277500  Y 232500
X 263500  Y 201000
X 274000  Y 188000
X 284000  Y 188000
X 274000  Y 178000
X 284000  Y 178000
X 274000  Y 168000
X 284000  Y 168000
X 282500  Y 152500
X 287500  Y 140000
X 300000  Y 167500
X 300000  Y 177500
X 300000  Y 187500
X 298500  Y 201000
X 291500  Y 217000
X 290000  Y 245000
X 300000  Y 245000
X 297500  Y 265000
X 315062  Y 232000
X 324937  Y 232000
X 333000  Y 213000
X 313000  Y 213000
X 323000  Y 203000
X 334000  Y 184000
X 314000  Y 184000
X 324000  Y 174000
X 317500  Y 152500
X 322500  Y 140000

Drill: 125.98  Tool: 3  Feed: 35  Speed: 794
X 140000  Y 140000
X 140000  Y 260000
X 340000  Y 260000
X 340000  Y 140000

End of Listing
