Drill Listing
=============
Drill: .035  Tool: 1  Feed: 197  Speed: 550
X 163000  Y 150000
X 173000  Y 150000
X 164500  Y 264000
X 168000  Y 292000
X 228000  Y 292000
X 219500  Y 264000
X 203442  Y 242377
X 203442  Y 228577
X 234000  Y 190500
X 234000  Y 225500
X 262134  Y 225748
X 272134  Y 225748
X 282134  Y 225748
X 292000  Y 204000
X 292000  Y 184000
X 294269  Y 145264
X 314269  Y 145264
X 344900  Y 182000
X 331100  Y 182000

Drill: .04  Tool: 2  Feed: 139  Speed: 550
X 140942  Y 226067
X 140942  Y 246067
X 339057  Y 257565
X 339057  Y 237565

Drill: .051  Tool: 3  Feed: 107  Speed: 550
X 208773  Y 140889
X 228773  Y 140889
X 218773  Y 180889

Drill: .05118  Tool: 4  Feed: 107  Speed: 550
X 131378  Y 207175
X 151095  Y 207175
X 131083  Y 265254
X 150800  Y 265254
X 329199  Y 276457
X 328904  Y 218673
X 348621  Y 218673
X 348916  Y 276457

Drill: .052  Tool: 5  Feed: 107  Speed: 550
X 174000  Y 192500
X 174000  Y 247500
X 252382  Y 199002
X 252382  Y 144002

Drill: .12598  Tool: 6  Feed: 35  Speed: 794
X 140000  Y 140000
X 140000  Y 300000
X 340000  Y 300000
X 340000  Y 140000

Drill: .1378  Tool: 7  Feed: 35  Speed: 794
X 273079  Y 292087

End of Listing
