
ROM used: 1029 (13%)
          1029 (13%) including unused fragments

          2 Average locations per line
          43 Average locations per statement

RAM used: 10 (3%) at main() level
          36 (10%) worst case

Stack used: 2 worst case (out of 8 total available)

Lines Stmts  %   Files
----- ----- ---  -----
   32    14  58  main.c
   20     0   0  main.h
  423     0   0  C:\Program Files (x86)\PICC\devices\16F887.h
    8     0   0  ..\LTS01.h
   17    10  42  ..\LTS01.c
----- -----
  500    24 Total

Page ROM  %  RAM   Vol Diff  Functions:
---- --- --- ---   --- ----  ----------
0     22   2   1             @delay_ms1
0     69   7   3             @I2C_READ_1
0     74   7   1             @I2C_WRITE_1
0    164  16   4   282  3.6  LTS01_get_temp
 Inline        2             @ITOF
0    117  11  13   799  4.4  @MULFF
0    169  16   4   354  2.7  MAIN
0     21   2   0             @const83
0     72   7   3             @PSTRINGC7_9600_62_63
0     14   1   0             @const85
 Inline        5             @FTOSD
0     66   6  13             @DIV3232
0    237  23  13             @PRINTF_L32D_9600_62_63FPFPF

Program metrics:
    Functions               3
    Statements              24
    Comments                88
    Volume (V)              1834
    Difficilty (D)          10.0
    Effort to implement (E) 18371
    Time to implement (T)   17 minutes
    Est Delivered Bugs (B)  0
    Cyclomatic Complexity   1
    Maintainability (MI)    147

 Segment     Used  Free
-----------  ----  ----
00000-00003     4  0  
00004-007FF  1025  1019  
00800-00FFF     0  2048  
01000-017FF     0  2048  
01800-01FFF     0  2048  



