Drill Listing
=============
Drill: .02913  Tool: 1  Feed: 197  Speed: 550
X 234099  Y 286049
X 249099  Y 286049
X 254099  Y 291955
X 259099  Y 291955
X 244099  Y 291955
X 239099  Y 291955
X 264099  Y 286049

Drill: .035  Tool: 2  Feed: 197  Speed: 550
X 181000  Y 288000
X 171000  Y 288000
X 171000  Y 298000
X 181000  Y 298000
X 191000  Y 298000
X 191000  Y 288000
X 225008  Y 251458
X 215008  Y 251458
X 234463  Y 174698
X 224463  Y 174698
X 225000  Y 155000
X 225000  Y 145000
X 225000  Y 135000
X 235000  Y 135000
X 235000  Y 145000
X 235000  Y 155000
X 244463  Y 174698
X 235008  Y 251458
X 309000  Y 304000
X 309000  Y 294000
X 309000  Y 284000
X 309000  Y 274000
X 309000  Y 264000
X 309000  Y 254000
X 309000  Y 244000
X 309000  Y 234000
X 309000  Y 224000
X 309000  Y 214000
X 309000  Y 204000
X 309000  Y 194000
X 309000  Y 184000
X 309000  Y 174000
X 309000  Y 164000
X 309000  Y 154000
X 309000  Y 144000
X 309000  Y 134000
X 319000  Y 134000
X 319000  Y 144000
X 319000  Y 154000
X 319000  Y 164000
X 319000  Y 174000
X 319000  Y 184000
X 319000  Y 194000
X 319000  Y 204000
X 319000  Y 214000
X 319000  Y 224000
X 319000  Y 234000
X 319000  Y 244000
X 319000  Y 254000
X 319000  Y 264000
X 319000  Y 274000
X 319000  Y 284000
X 319000  Y 294000
X 319000  Y 304000

Drill: .037  Tool: 3  Feed: 197  Speed: 550
X 169000  Y 176000
X 164000  Y 211000
X 183385  Y 246518
X 164000  Y 247000
X 171000  Y 247000
X 170000  Y 260000
X 232000  Y 266000
X 208000  Y 243000
X 213000  Y 239000
X 212000  Y 229000
X 206000  Y 226000
X 206000  Y 219000
X 211000  Y 207000
X 209000  Y 183000
X 249000  Y 133000
X 263000  Y 140000
X 251000  Y 192000
X 246000  Y 196000
X 261000  Y 200000
X 245000  Y 215000
X 260000  Y 217000
X 246000  Y 233000
X 261000  Y 233000
X 261000  Y 243000
X 266000  Y 272000

Drill: .05079  Tool: 4  Feed: 107  Speed: 550
X 144800  Y 180000
X 144800  Y 260000

Drill: .05315  Tool: 5  Feed: 107  Speed: 550
X 273784  Y 291955
X 223273  Y 295892

Drill: .05709  Tool: 6  Feed: 107  Speed: 550
X 134800  Y 170000
X 154800  Y 170000
X 154800  Y 190000
X 134800  Y 190000
X 134800  Y 250000
X 154800  Y 250000
X 154800  Y 270000
X 134800  Y 270000

Drill: .12598  Tool: 7  Feed: 35  Speed: 794
X 140000  Y 140000
X 140000  Y 300000
X 340000  Y 300000
X 340000  Y 140000

End of Listing
