
ROM used: 909 (11%)
          909 (11%) including unused fragments

          2 Average locations per line
          13 Average locations per statement

RAM used: 6 (2%) at main() level
          21 (6%) worst case

Stack used: 2 worst case (out of 8 total available)

Lines Stmts  %   Files
----- ----- ---  -----
  153    71 100  main.c
   20     0   0  main.h
  423     0   0  ..\..\..\..\..\Program Files (x86)\PICC\devices\16F887.h
----- -----
  596    71 Total

Page ROM  %  RAM   Vol Diff  Functions:
---- --- --- ---   --- ----  ----------
0     20   2   1             @delay_ms1
0     53   6   3             @I2C_READ_1
0     52   6   1             @I2C_WRITE_1
0     34   4   1             @PUTCHAR_1_
0    534  59   0  2134  6.0  main
0     12   1   0             @const78
0     72   8   3             @PSTRINGC7_68
0      6   1   0             @const87
0     79   9   4             @PSTRINGCN7_68
0     33   4   2             @PRINTF_X_68
0     10   1   0             @const93

Program metrics:
    Functions               1
    Statements              71
    Comments                124
    Volume (V)              2162
    Difficilty (D)          5.6
    Effort to implement (E) 12172
    Time to implement (T)   11 minutes
    Est Delivered Bugs (B)  0
    Cyclomatic Complexity   1
    Maintainability (MI)    12

 Segment     Used  Free
-----------  ----  ----
00000-00003     4  0  
00004-007FF   905  1139  
00800-00FFF     0  2048  
01000-017FF     0  2048  
01800-01FFF     0  2048  



