Drill Listing
=============
Drill: .035  Tool: 1  Feed: 197  Speed: 550
X 250000  Y 141000
X 250000  Y 131000
X 260000  Y 141000
X 260000  Y 131000
X 270000  Y 141000
X 270000  Y 131000
X 280000  Y 141000
X 280000  Y 131000
X 290000  Y 141000
X 290000  Y 131000
X 329000  Y 170000
X 329000  Y 160000
X 319000  Y 160000
X 319000  Y 170000
X 141000  Y 170000
X 141000  Y 160000
X 131000  Y 170000
X 131000  Y 160000
X 131000  Y 200000
X 131000  Y 190000
X 131000  Y 180000
X 141000  Y 200000
X 141000  Y 190000
X 141000  Y 180000
X 319000  Y 190000
X 319000  Y 180000
X 319000  Y 200000
X 329000  Y 190000
X 329000  Y 180000
X 329000  Y 200000
X 329000  Y 210000
X 329000  Y 220000
X 319000  Y 210000
X 319000  Y 220000
X 141000  Y 210000
X 141000  Y 220000
X 131000  Y 210000
X 131000  Y 220000
X 131000  Y 250000
X 131000  Y 230000
X 131000  Y 240000
X 141000  Y 250000
X 141000  Y 240000
X 141000  Y 230000
X 319000  Y 230000
X 319000  Y 250000
X 319000  Y 240000
X 329000  Y 250000
X 329000  Y 230000
X 329000  Y 240000
X 329000  Y 260000
X 329000  Y 270000
X 319000  Y 270000
X 319000  Y 260000
X 141000  Y 260000
X 141000  Y 270000
X 131000  Y 260000
X 131000  Y 270000
X 131000  Y 280000
X 141000  Y 280000
X 190000  Y 329000
X 190000  Y 319000
X 200000  Y 329000
X 200000  Y 319000
X 210000  Y 329000
X 210000  Y 319000
X 270000  Y 329000
X 270000  Y 319000
X 280000  Y 329000
X 280000  Y 319000
X 290000  Y 329000
X 290000  Y 319000
X 319000  Y 280000
X 329000  Y 280000

Drill: .037  Tool: 2  Feed: 197  Speed: 550
X 159400  Y 163500
X 224300  Y 146500
X 224300  Y 129200
X 281000  Y 163600
X 274000  Y 207700
X 241200  Y 212000
X 241100  Y 184100
X 231000  Y 184800
X 223000  Y 203400
X 213600  Y 217500
X 159600  Y 214000
X 197100  Y 272800
X 197300  Y 255400
X 218000  Y 255300
X 218000  Y 263800
X 272700  Y 268300
X 272700  Y 277000
X 273700  Y 246700
X 273700  Y 255300
X 289400  Y 251000
X 297800  Y 293000
X 297800  Y 302300
X 297800  Y 311200
X 262300  Y 288000
X 255100  Y 312500
X 190000  Y 305500
X 181900  Y 305500
X 174200  Y 305500
X 168700  Y 300000
X 159500  Y 288800

Drill: .05079  Tool: 3  Feed: 107  Speed: 550
X 177800  Y 264000

Drill: .05709  Tool: 4  Feed: 107  Speed: 550
X 167800  Y 254000
X 187800  Y 254000
X 187800  Y 274000
X 167800  Y 274000

Drill: .08661  Tool: 5  Feed: 74  Speed: 550
X 173100  Y 150200
X 173500  Y 132700

Drill: .12598  Tool: 6  Feed: 35  Speed: 794
X 140000  Y 140000
X 320000  Y 140000
X 320000  Y 320000
X 140000  Y 320000

End of Listing
