Drill Listing
=============
Drill: .035  Tool: 1  Feed: 197  Speed: 550
X 159000  Y 167000
X 149000  Y 167000
X 159000  Y 177000
X 149000  Y 177000
X 159000  Y 187000
X 149000  Y 187000
X 141171  Y 246522
X 141171  Y 256522
X 213000  Y 311000
X 213623  Y 283168
X 213623  Y 273168
X 167684  Y 256125
X 177684  Y 256125
X 167684  Y 246211
X 177684  Y 246211
X 195034  Y 201952
X 185034  Y 201952
X 203201  Y 151300
X 193201  Y 151300
X 213201  Y 151300
X 203201  Y 141300
X 213201  Y 141300
X 193201  Y 141300
X 193201  Y 131300
X 203201  Y 131300
X 213201  Y 131300
X 223201  Y 131300
X 233201  Y 131300
X 233201  Y 141300
X 223201  Y 141300
X 233201  Y 151300
X 223201  Y 151300
X 223623  Y 273168
X 233623  Y 273168
X 223623  Y 283168
X 233623  Y 283168
X 223000  Y 311000
X 233000  Y 311000
X 260000  Y 283000
X 250000  Y 283000
X 260000  Y 273000
X 250000  Y 273000
X 243201  Y 151300
X 253201  Y 151300
X 263201  Y 151300
X 243201  Y 141300
X 263201  Y 141300
X 253201  Y 141300
X 243201  Y 131300
X 253201  Y 131300
X 263201  Y 131300
X 273201  Y 131300
X 283201  Y 131300
X 273201  Y 141300
X 283201  Y 141300
X 283201  Y 151300
X 273201  Y 151300
X 271241  Y 240100
X 280000  Y 273000
X 270000  Y 273000
X 280000  Y 283000
X 270000  Y 283000
X 294000  Y 288000
X 314000  Y 288000
X 304000  Y 288000
X 314000  Y 278000
X 294000  Y 278000
X 304000  Y 278000
X 290958  Y 240100
X 293201  Y 151300
X 303201  Y 151300
X 303201  Y 141300
X 293201  Y 141300
X 293201  Y 131300
X 303201  Y 131300
X 330000  Y 188000
X 320000  Y 188000
X 320000  Y 198000
X 330000  Y 198000
X 330000  Y 208000
X 320000  Y 208000
X 320000  Y 218000
X 330000  Y 218000
X 320000  Y 228000
X 330000  Y 228000
X 330000  Y 238000
X 320000  Y 238000

Drill: .12598  Tool: 2  Feed: 35  Speed: 794
X 140000  Y 140000
X 140000  Y 300000
X 340000  Y 300000
X 340000  Y 140000

End of Listing
