Drill Listing
=============
Drill: .035  Tool: 1  Feed: 197  Speed: 550
X 187000  Y 136000
X 187000  Y 146000
X 187000  Y 156000
X 187000  Y 166000
X 140000  Y 187000
X 140000  Y 197000
X 140000  Y 283000
X 140000  Y 293000
X 205000  Y 340000
X 205000  Y 330000
X 205000  Y 320000
X 205000  Y 310000
X 194000  Y 247858
X 194000  Y 228141
X 212500  Y 170000
X 197000  Y 166000
X 212500  Y 158000
X 197000  Y 156000
X 212500  Y 146000
X 197000  Y 146000
X 197000  Y 136000
X 212500  Y 134000
X 225000  Y 191000
X 215000  Y 191000
X 215000  Y 201000
X 225000  Y 201000
X 218000  Y 270000
X 228000  Y 270000
X 218000  Y 280000
X 228000  Y 280000
X 228500  Y 308000
X 215000  Y 310000
X 215000  Y 320000
X 228500  Y 320000
X 215000  Y 330000
X 228500  Y 332000
X 215000  Y 340000
X 228500  Y 344000
X 263500  Y 344000
X 263500  Y 332000
X 263500  Y 320000
X 263500  Y 308000
X 240141  Y 280000
X 259858  Y 280000
X 259858  Y 268000
X 240141  Y 268000
X 261000  Y 242000
X 261000  Y 232000
X 240141  Y 202000
X 259858  Y 202000
X 259858  Y 190000
X 240141  Y 190000
X 247500  Y 170000
X 261000  Y 166000
X 247500  Y 158000
X 261000  Y 156000
X 261000  Y 146000
X 247500  Y 146000
X 261000  Y 136000
X 247500  Y 134000
X 271000  Y 136000
X 271000  Y 146000
X 271000  Y 156000
X 271000  Y 166000
X 283000  Y 191000
X 273000  Y 191000
X 283000  Y 201000
X 273000  Y 201000
X 271000  Y 232000
X 271000  Y 242000
X 274000  Y 270000
X 284000  Y 270000
X 274000  Y 280000
X 284000  Y 280000
X 277000  Y 310000
X 287000  Y 310000
X 287000  Y 320000
X 277000  Y 320000
X 277000  Y 330000
X 287000  Y 330000
X 287000  Y 340000
X 277000  Y 340000
X 310000  Y 287000
X 310000  Y 277000
X 300000  Y 259858
X 300000  Y 240141
X 298000  Y 225858
X 298000  Y 206141
X 312500  Y 201000
X 300141  Y 186000
X 310000  Y 168000
X 320000  Y 168000
X 319858  Y 186000
X 347500  Y 201000
X 330000  Y 277000
X 320000  Y 277000
X 320000  Y 287000
X 330000  Y 287000

Drill: .04  Tool: 2  Feed: 139  Speed: 550
X 140000  Y 220000
X 140000  Y 240000
X 140000  Y 260000
X 310000  Y 140000
X 290000  Y 140000

Drill: .05  Tool: 3  Feed: 107  Speed: 550
X 326000  Y 226000
X 326000  Y 239500
X 326000  Y 253000
X 341500  Y 246500
X 341500  Y 232500

Drill: .05118  Tool: 4  Feed: 107  Speed: 550
X 194000  Y 188141
X 194000  Y 207858
X 194000  Y 266141
X 194000  Y 285858
X 176000  Y 322141
X 176000  Y 341858

Drill: .052  Tool: 5  Feed: 107  Speed: 550
X 172000  Y 170500
X 172000  Y 225500
X 172000  Y 248500
X 172000  Y 303500

Drill: .12598  Tool: 6  Feed: 35  Speed: 794
X 140000  Y 140000
X 140000  Y 340000
X 340000  Y 340000
X 340000  Y 140000

End of Listing
