Drill Listing
=============
Drill: .035  Tool: 1  Feed: 197  Speed: 550
X 133247  Y 165090
X 133247  Y 175090
X 133247  Y 185090
X 143247  Y 165090
X 143247  Y 175090
X 143247  Y 185090
X 189400  Y 183200
X 199400  Y 183200
X 218926  Y 170362
X 218926  Y 180362
X 218926  Y 160362
X 228926  Y 160362
X 228926  Y 180362
X 228926  Y 170362
X 228926  Y 190362
X 228926  Y 200362
X 218926  Y 200362
X 218926  Y 190362
X 143247  Y 195090
X 133247  Y 195090
X 164000  Y 219000
X 164000  Y 229000
X 174000  Y 219000
X 174000  Y 229000
X 184000  Y 219000
X 184000  Y 229000

Drill: .12598  Tool: 2  Feed: 35  Speed: 794
X 140000  Y 140000
X 220000  Y 140000
X 220000  Y 220000
X 140000  Y 220000

End of Listing
