Drill Listing
=============
Drill: .035  Tool: 1  Feed: 197  Speed: 550
X 182000  Y 175000
X 172000  Y 175000
X 172000  Y 185000
X 182000  Y 185000
X 192000  Y 185000
X 192000  Y 175000
X 237665  Y 170202
X 237665  Y 160202
X 237665  Y 150202
X 237665  Y 140202
X 247665  Y 140202
X 247665  Y 150202
X 247665  Y 160202
X 247665  Y 170202
X 274026  Y 185360
X 284026  Y 185360
X 284026  Y 175360
X 274026  Y 175360
X 307665  Y 140202
X 307665  Y 150202
X 307665  Y 160202
X 307665  Y 170202
X 294026  Y 175360
X 294026  Y 185360
X 317665  Y 170202
X 317665  Y 160202
X 317665  Y 150202
X 317665  Y 140202

Drill: .045  Tool: 2  Feed: 139  Speed: 550
X 164314  Y 134157
X 164314  Y 153842
X 203685  Y 153842
X 203685  Y 134157

Drill: .12598  Tool: 3  Feed: 35  Speed: 794
X 140000  Y 140000
X 140000  Y 180000
X 340000  Y 180000
X 340000  Y 140000

End of Listing
