Drill Listing
=============
Drill: 2  Tool: 1  Feed: 0  Speed: 0
X 110000  Y 110000
X 330000  Y 110000
X 330000  Y 370000

Drill: 35  Tool: 2  Feed: 197  Speed: 550
X 185000  Y 155500
X 195000  Y 155500
X 205000  Y 155500
X 253500  Y 148500
X 253500  Y 138500
X 263500  Y 148500
X 263500  Y 138500
X 273500  Y 148500
X 273500  Y 138500
X 294000  Y 184000
X 278500  Y 172500
X 270500  Y 172500
X 255000  Y 177500
X 245000  Y 177500
X 235000  Y 177500
X 225000  Y 177500
X 215000  Y 177500
X 205000  Y 177500
X 205000  Y 165500
X 195000  Y 165500
X 195000  Y 177500
X 185000  Y 177500
X 185000  Y 165500
X 169000  Y 187141
X 169000  Y 206858
X 185000  Y 207500
X 195000  Y 207500
X 205000  Y 207500
X 215000  Y 207500
X 225000  Y 207500
X 235000  Y 207500
X 245000  Y 207500
X 255000  Y 207500
X 269000  Y 208000
X 269000  Y 198000
X 279000  Y 198000
X 279000  Y 208000
X 294000  Y 219000
X 269000  Y 258000
X 269000  Y 248000
X 269000  Y 238000
X 259000  Y 258000
X 259000  Y 248000
X 259000  Y 238000
X 249000  Y 258000
X 249000  Y 248000
X 249000  Y 238000
X 239000  Y 238000
X 239000  Y 258000
X 239000  Y 248000
X 214000  Y 231500
X 198000  Y 231500
X 189500  Y 219500
X 182000  Y 231500
X 179500  Y 219500
X 169500  Y 219500
X 166000  Y 231500
X 166000  Y 284937
X 166000  Y 266500
X 166000  Y 275062
X 182000  Y 266500
X 182000  Y 284937
X 182000  Y 275062
X 198000  Y 266500
X 198000  Y 284937
X 198000  Y 275062
X 214000  Y 266500
X 214000  Y 284937
X 214000  Y 275062
X 230000  Y 275062
X 230000  Y 284937
X 246000  Y 284937
X 246000  Y 275062
X 262000  Y 275062
X 262000  Y 284937
X 278000  Y 275062
X 278000  Y 284937
X 278000  Y 294500
X 278000  Y 329500
X 262000  Y 329500
X 262000  Y 294500
X 246000  Y 294500
X 246000  Y 329500
X 230000  Y 329500
X 230000  Y 294500
X 206000  Y 313000
X 206000  Y 323000
X 206000  Y 303000
X 196000  Y 323000
X 196000  Y 303000
X 196000  Y 313000
X 186000  Y 303000
X 186000  Y 313000
X 186000  Y 323000
X 176000  Y 313000
X 176000  Y 303000
X 176000  Y 323000

Drill: 125.98  Tool: 3  Feed: 35  Speed: 794
X 140000  Y 140000
X 300000  Y 140000
X 300000  Y 340000
X 140000  Y 340000

End of Listing
