Drill Listing
=============
Drill: .035  Tool: 1  Feed: 197  Speed: 550
X 142500  Y 162500
X 132500  Y 162500
X 142500  Y 172500
X 132500  Y 172500
X 142500  Y 182500
X 132500  Y 182500
X 132500  Y 195000
X 142500  Y 195000
X 132500  Y 205000
X 142500  Y 205000
X 132500  Y 215000
X 142500  Y 215000
X 132500  Y 225000
X 142500  Y 225000
X 172500  Y 225000
X 172500  Y 215000
X 172500  Y 205000
X 172500  Y 195000
X 177500  Y 182500
X 177500  Y 172500
X 177500  Y 162500
X 187500  Y 162500
X 187500  Y 172500
X 187500  Y 182500
X 182500  Y 195000
X 182500  Y 205000
X 182500  Y 215000
X 182500  Y 225000
X 214000  Y 265000
X 224000  Y 265000
X 224000  Y 255000
X 214000  Y 255000
X 221000  Y 235000
X 231000  Y 235000
X 221000  Y 225000
X 231000  Y 225000
X 221000  Y 215000
X 231000  Y 215000
X 221000  Y 205000
X 231000  Y 205000
X 221000  Y 195000
X 231000  Y 195000
X 221000  Y 185000
X 231000  Y 185000
X 221000  Y 175000
X 231000  Y 175000
X 209500  Y 159000
X 257000  Y 135000
X 247000  Y 135000
X 237000  Y 135000
X 257000  Y 145000
X 247000  Y 145000
X 237000  Y 145000
X 244500  Y 159000
X 246000  Y 175000
X 246000  Y 185000
X 246000  Y 195000
X 246000  Y 205000
X 246000  Y 215000
X 246000  Y 225000
X 246000  Y 235000
X 234000  Y 255000
X 234000  Y 265000
X 276000  Y 235000
X 276000  Y 225000
X 276000  Y 215000
X 276000  Y 205000
X 276000  Y 195000
X 276000  Y 185000
X 276000  Y 175000
X 258500  Y 159000
X 267000  Y 145000
X 277000  Y 145000
X 267000  Y 135000
X 277000  Y 135000
X 293500  Y 159000
X 290000  Y 175000
X 300000  Y 175000
X 290000  Y 185000
X 300000  Y 185000
X 290000  Y 195000
X 300000  Y 195000
X 290000  Y 205000
X 300000  Y 205000
X 290000  Y 215000
X 300000  Y 215000
X 290000  Y 225000
X 300000  Y 225000
X 300000  Y 235000
X 290000  Y 235000
X 306000  Y 256000
X 286000  Y 256000
X 296000  Y 256000
X 306000  Y 266000
X 286000  Y 266000
X 296000  Y 266000
X 335000  Y 225000
X 345000  Y 225000
X 345000  Y 215000
X 335000  Y 215000
X 335000  Y 205000
X 345000  Y 205000
X 335000  Y 195000
X 345000  Y 195000
X 330000  Y 182500
X 340000  Y 182500
X 330000  Y 172500
X 340000  Y 172500
X 340000  Y 162500
X 330000  Y 162500
X 375000  Y 162500
X 375000  Y 172500
X 375000  Y 182500
X 375000  Y 195000
X 375000  Y 205000
X 375000  Y 215000
X 375000  Y 225000
X 385000  Y 225000
X 385000  Y 215000
X 385000  Y 205000
X 385000  Y 195000
X 385000  Y 182500
X 385000  Y 172500
X 385000  Y 162500

Drill: .051  Tool: 2  Feed: 107  Speed: 550
X 199000  Y 244000
X 159000  Y 254000
X 199000  Y 264000
X 321000  Y 264000
X 321000  Y 244000
X 361000  Y 254000

Drill: .12598  Tool: 3  Feed: 35  Speed: 794
X 140000  Y 140000
X 140000  Y 260000
X 380000  Y 260000
X 380000  Y 140000

End of Listing
