Drill Listing
=============
Drill: .028  Tool: 1  Feed: 197  Speed: 550
X 231141  Y 273500
X 250858  Y 273500
X 252259  Y 212869
X 276371  Y 241789
X 281179  Y 236981
X 241000  Y 335500

Drill: .035  Tool: 2  Feed: 197  Speed: 550
X 185000  Y 170000
X 195000  Y 170000
X 225000  Y 155000
X 225000  Y 165000
X 235000  Y 155000
X 235000  Y 165000
X 245000  Y 155000
X 245000  Y 165000
X 255000  Y 155000
X 255000  Y 165000
X 265000  Y 155000
X 265000  Y 165000
X 275000  Y 155000
X 275000  Y 165000
X 285000  Y 155000
X 285000  Y 165000
X 295000  Y 155000
X 295000  Y 165000
X 305000  Y 155000
X 305000  Y 165000
X 315000  Y 155000
X 315000  Y 165000
X 325000  Y 155000
X 325000  Y 165000
X 335000  Y 155000
X 335000  Y 165000
X 345000  Y 155000
X 345000  Y 165000
X 355000  Y 155000
X 355000  Y 165000
X 365000  Y 155000
X 365000  Y 165000
X 375000  Y 155000
X 375000  Y 165000
X 385000  Y 155000
X 385000  Y 165000
X 395000  Y 155000
X 395000  Y 165000
X 405000  Y 155000
X 405000  Y 165000
X 415000  Y 155000
X 415000  Y 165000
X 445000  Y 165000
X 445000  Y 175000
X 455000  Y 165000
X 455000  Y 175000
X 490000  Y 195000
X 490000  Y 185000
X 480000  Y 195000
X 480000  Y 185000
X 470000  Y 195000
X 470000  Y 185000
X 455000  Y 195000
X 455000  Y 185000
X 445000  Y 195000
X 445000  Y 185000
X 195000  Y 200000
X 195000  Y 190000
X 195000  Y 180000
X 185000  Y 200000
X 185000  Y 190000
X 185000  Y 180000
X 160000  Y 198000
X 160000  Y 188000
X 150000  Y 198000
X 150000  Y 188000
X 150000  Y 208000
X 160000  Y 208000
X 185000  Y 210000
X 185000  Y 220000
X 195000  Y 210000
X 195000  Y 220000
X 445000  Y 215000
X 445000  Y 205000
X 445000  Y 225000
X 455000  Y 205000
X 455000  Y 215000
X 455000  Y 225000
X 470000  Y 225000
X 480000  Y 225000
X 490000  Y 225000
X 490000  Y 235000
X 480000  Y 235000
X 470000  Y 235000
X 455000  Y 235000
X 455000  Y 245000
X 445000  Y 235000
X 445000  Y 245000
X 195000  Y 250000
X 195000  Y 240000
X 195000  Y 230000
X 185000  Y 250000
X 185000  Y 240000
X 185000  Y 230000
X 164000  Y 245000
X 164000  Y 255000
X 164000  Y 265000
X 164000  Y 285000
X 164000  Y 295000
X 185000  Y 260000
X 185000  Y 280000
X 185000  Y 290000
X 185000  Y 300000
X 185000  Y 270000
X 195000  Y 260000
X 195000  Y 280000
X 195000  Y 290000
X 195000  Y 300000
X 195000  Y 270000
X 445000  Y 285000
X 445000  Y 255000
X 445000  Y 265000
X 445000  Y 295000
X 445000  Y 275000
X 455000  Y 255000
X 455000  Y 265000
X 455000  Y 285000
X 455000  Y 275000
X 455000  Y 295000
X 470000  Y 285000
X 470000  Y 295000
X 480000  Y 285000
X 480000  Y 295000
X 490000  Y 285000
X 490000  Y 295000
X 490000  Y 325000
X 480000  Y 325000
X 470000  Y 325000
X 455000  Y 305000
X 455000  Y 325000
X 455000  Y 315000
X 445000  Y 305000
X 445000  Y 315000
X 445000  Y 325000
X 195000  Y 310000
X 195000  Y 320000
X 185000  Y 310000
X 185000  Y 320000
X 168500  Y 308200
X 151500  Y 308200
X 151500  Y 331800
X 168500  Y 331800
X 185000  Y 340000
X 185000  Y 330000
X 185000  Y 350000
X 195000  Y 340000
X 195000  Y 330000
X 195000  Y 350000
X 445000  Y 345000
X 445000  Y 335000
X 455000  Y 345000
X 455000  Y 335000
X 470000  Y 335000
X 480000  Y 335000
X 490000  Y 335000
X 455000  Y 355000
X 445000  Y 355000
X 415000  Y 355000
X 415000  Y 365000
X 405000  Y 355000
X 405000  Y 365000
X 395000  Y 365000
X 395000  Y 355000
X 385000  Y 355000
X 385000  Y 365000
X 375000  Y 355000
X 375000  Y 365000
X 365000  Y 355000
X 365000  Y 365000
X 355000  Y 355000
X 355000  Y 365000
X 345000  Y 365000
X 345000  Y 355000
X 335000  Y 365000
X 335000  Y 355000
X 325000  Y 355000
X 325000  Y 365000
X 315000  Y 355000
X 315000  Y 365000
X 305000  Y 355000
X 305000  Y 365000
X 295000  Y 355000
X 295000  Y 365000
X 285000  Y 365000
X 285000  Y 355000
X 275000  Y 355000
X 275000  Y 365000
X 265000  Y 365000
X 265000  Y 355000
X 255000  Y 355000
X 255000  Y 365000
X 245000  Y 355000
X 245000  Y 365000
X 235000  Y 355000
X 235000  Y 365000
X 225000  Y 355000
X 225000  Y 365000
X 195000  Y 360000
X 185000  Y 360000

Drill: .12598  Tool: 3  Feed: 35  Speed: 794
X 160000  Y 160000
X 480000  Y 160000
X 480000  Y 360000
X 160000  Y 360000

End of Listing
