Drill Listing
=============
Drill: .035  Tool: 1  Feed: 197  Speed: 550
X 147858  Y 160000
X 128141  Y 160000
X 204000  Y 169858
X 204000  Y 150141
X 260000  Y 150141
X 260000  Y 169858
X 264000  Y 181000
X 254000  Y 181000
X 244000  Y 181000
X 274000  Y 181000
X 264000  Y 191000
X 244000  Y 191000
X 254000  Y 191000
X 274000  Y 191000
X 316000  Y 169858
X 316000  Y 150141
X 340000  Y 181000
X 350000  Y 181000
X 350000  Y 191000
X 340000  Y 191000
X 360000  Y 191000
X 360000  Y 181000
X 372141  Y 160000
X 391858  Y 160000

Drill: .051  Tool: 2  Feed: 107  Speed: 550
X 166000  Y 130000
X 176000  Y 170000
X 186000  Y 130000
X 222000  Y 130000
X 242000  Y 130000
X 278000  Y 130000
X 232000  Y 170000
X 288000  Y 170000
X 298000  Y 130000
X 334000  Y 130000
X 354000  Y 130000
X 344000  Y 170000

Drill: .12598  Tool: 3  Feed: 35  Speed: 794
X 140000  Y 140000
X 140000  Y 180000
X 380000  Y 180000
X 380000  Y 140000

End of Listing
