Drill Listing
=============
Drill: .035  Tool: 1  Feed: 197  Speed: 550
X 134000  Y 160000
X 144000  Y 160000
X 174239  Y 158090
X 174239  Y 148090
X 200375  Y 152904
X 200375  Y 162904
X 217000  Y 160000
X 227000  Y 160000
X 227000  Y 170000
X 227000  Y 180000
X 217000  Y 170000
X 217000  Y 180000
X 133673  Y 191795
X 143673  Y 191795
X 175019  Y 202386
X 175019  Y 192386
X 217000  Y 200000
X 217000  Y 190000
X 227000  Y 200000
X 227000  Y 190000
X 185019  Y 216326
X 185019  Y 226326
X 175019  Y 216326
X 175019  Y 226326
X 165019  Y 216326
X 165019  Y 226326

Drill: .12598  Tool: 2  Feed: 35  Speed: 794
X 140000  Y 140000
X 220000  Y 140000
X 220000  Y 220000
X 140000  Y 220000

End of Listing
