Drill Listing
=============
Drill: .025  Tool: 1  Feed: 197  Speed: 550
X 180845  Y 197427
X 172845  Y 197427
X 172845  Y 207427
X 180845  Y 207427

Drill: .028  Tool: 2  Feed: 197  Speed: 550
X 213227  Y 190378
X 232944  Y 190378

Drill: .035  Tool: 3  Feed: 197  Speed: 550
X 197079  Y 128353
X 207079  Y 128353
X 197079  Y 138353
X 207079  Y 138353
X 197079  Y 148353
X 207079  Y 148353
X 207231  Y 160967
X 207231  Y 170967
X 206200  Y 226400
X 206261  Y 236485
X 206261  Y 246485
X 182000  Y 260400
X 202000  Y 260400
X 192000  Y 260400
X 192000  Y 270400
X 202000  Y 270400
X 182000  Y 270400
X 228230  Y 269843
X 238230  Y 269843
X 228230  Y 259843
X 238230  Y 259843
X 216261  Y 246485
X 216261  Y 236485
X 216200  Y 226400
X 217231  Y 170967
X 217231  Y 160967
X 234188  Y 147527
X 224086  Y 147527
X 224086  Y 137527
X 234188  Y 137527
X 254188  Y 137527
X 244188  Y 137527
X 254188  Y 147527
X 244188  Y 147527
X 258230  Y 259843
X 248230  Y 259843
X 258230  Y 269843
X 248230  Y 269843
X 268355  Y 269800
X 278355  Y 269800
X 288355  Y 269800
X 268355  Y 259800
X 278355  Y 259800
X 288355  Y 259800
X 286716  Y 147428
X 276716  Y 147428
X 276716  Y 137428
X 286716  Y 137428
X 296716  Y 137428
X 306716  Y 137428
X 296716  Y 147428
X 306716  Y 147428
X 312387  Y 259800
X 312387  Y 269800
X 332387  Y 269800
X 322387  Y 269800
X 332387  Y 259800
X 322387  Y 259800
X 316716  Y 147428
X 326716  Y 147428
X 316716  Y 137428
X 326716  Y 137428
X 342493  Y 128863
X 359493  Y 128863
X 359493  Y 154063
X 342493  Y 154063
X 342387  Y 259800
X 342387  Y 269800
X 373492  Y 237554
X 383492  Y 237554
X 383492  Y 227554
X 373492  Y 227554
X 383492  Y 217554
X 373492  Y 217554
X 373492  Y 207554
X 383492  Y 207554
X 383492  Y 197554
X 373492  Y 197554
X 373492  Y 187554
X 383492  Y 187554
X 373492  Y 177554
X 383492  Y 177554
X 373492  Y 167554
X 383492  Y 167554

Drill: .09  Tool: 4  Feed: 66  Speed: 550
X 161845  Y 178427
X 161845  Y 226427

Drill: .12598  Tool: 5  Feed: 35  Speed: 794
X 140000  Y 140000
X 140000  Y 260000
X 380000  Y 260000
X 380000  Y 140000

End of Listing
