Drill Listing
=============
Drill: .02  Tool: 1  Feed: 197  Speed: 550
X 137400  Y 155400
X 146400  Y 155400
X 174400  Y 162000
X 188000  Y 164600
X 188800  Y 170200
X 193800  Y 168400
X 199200  Y 169200
X 205400  Y 169200
X 220800  Y 159400
X 220800  Y 174800
X 226200  Y 155000
X 231600  Y 185400
X 220800  Y 195400
X 201800  Y 192400
X 195000  Y 192200
X 188400  Y 192400
X 188400  Y 199600
X 150200  Y 209400
X 145600  Y 204800
X 190000  Y 222000

Drill: .035  Tool: 2  Feed: 197  Speed: 550
X 161741  Y 136103
X 161741  Y 146103
X 171741  Y 136103
X 171741  Y 146103
X 181741  Y 136103
X 181741  Y 146103
X 149000  Y 185000
X 149000  Y 175000
X 149000  Y 165000
X 139000  Y 185000
X 139000  Y 175000
X 139000  Y 165000
X 129000  Y 175000
X 129000  Y 185000
X 129000  Y 165000

Drill: .05079  Tool: 3  Feed: 107  Speed: 550
X 221000  Y 185000

Drill: .05709  Tool: 4  Feed: 107  Speed: 550
X 211000  Y 175000
X 211000  Y 195000
X 231000  Y 175000
X 231000  Y 195000

Drill: .12598  Tool: 5  Feed: 35  Speed: 794
X 140000  Y 140000
X 220000  Y 140000
X 220000  Y 220000
X 140000  Y 220000

End of Listing
