Drill Listing
=============
Drill: .035  Tool: 1  Feed: 197  Speed: 550
X 269958  Y 151235
X 270246  Y 130605
X 270246  Y 140605
X 279958  Y 151235
X 280246  Y 130605
X 280246  Y 140605
X 289958  Y 151235
X 290246  Y 130605
X 290246  Y 140605
X 299958  Y 151235
X 300246  Y 130605
X 300246  Y 140605
X 309958  Y 151235
X 310246  Y 130605
X 310246  Y 140605
X 319958  Y 151235
X 320246  Y 130605
X 320246  Y 140605
X 329958  Y 151235
X 330246  Y 140605
X 330246  Y 130605
X 339958  Y 151235
X 340246  Y 130605
X 340246  Y 140605
X 349958  Y 151235
X 404599  Y 142688
X 438371  Y 134795
X 463608  Y 147294
X 463608  Y 137294
X 473608  Y 147294
X 473608  Y 137294
X 473608  Y 167294
X 473608  Y 157294
X 463608  Y 167294
X 463608  Y 157294
X 459008  Y 203299
X 438371  Y 169795
X 417008  Y 203299
X 404599  Y 162688
X 375008  Y 203299
X 349958  Y 181235
X 339958  Y 181235
X 335008  Y 203299
X 329958  Y 181235
X 319958  Y 181235
X 309958  Y 181235
X 299958  Y 181235
X 297009  Y 203300
X 289958  Y 181235
X 279958  Y 181235
X 269958  Y 181235
X 257008  Y 203299
X 217008  Y 203299
X 177008  Y 203299
X 177008  Y 213899
X 195508  Y 248499
X 217008  Y 213899
X 235508  Y 248499
X 257008  Y 213899
X 275508  Y 248499
X 297009  Y 213900
X 315509  Y 248500
X 335008  Y 213899
X 353508  Y 248499
X 375008  Y 213899
X 393508  Y 248499
X 417008  Y 213899
X 435508  Y 248499
X 459008  Y 213899
X 477508  Y 248499
X 477508  Y 276099
X 435508  Y 276099
X 393508  Y 276099
X 353508  Y 276099
X 315509  Y 276100
X 275508  Y 276099
X 235508  Y 276099
X 195508  Y 276099

Drill: .04  Tool: 2  Feed: 139  Speed: 550
X 195570  Y 342109
X 215570  Y 342109
X 235570  Y 342109
X 255570  Y 342109
X 275570  Y 342109
X 295570  Y 342109
X 315570  Y 342109
X 335570  Y 342109
X 355570  Y 342109
X 375570  Y 342109
X 395570  Y 342109
X 415570  Y 342109
X 435570  Y 342109
X 455570  Y 342109
X 475570  Y 342109
X 495570  Y 342109

Drill: .05118  Tool: 3  Feed: 107  Speed: 550
X 195570  Y 292251
X 215570  Y 292251
X 235570  Y 292251
X 255570  Y 292251
X 275570  Y 292251
X 295570  Y 292251
X 315570  Y 292251
X 335570  Y 292251
X 355570  Y 292251
X 375570  Y 292251
X 395570  Y 292251
X 415570  Y 292251
X 435570  Y 292251
X 455570  Y 292251
X 475570  Y 292251
X 495570  Y 292251
X 495570  Y 311967
X 475570  Y 311967
X 455570  Y 311967
X 435570  Y 311967
X 415570  Y 311967
X 395570  Y 311967
X 375570  Y 311967
X 355570  Y 311967
X 335570  Y 311967
X 315570  Y 311967
X 295570  Y 311967
X 275570  Y 311967
X 255570  Y 311967
X 235570  Y 311967
X 215570  Y 311967
X 195570  Y 311967

Drill: .12598  Tool: 4  Feed: 35  Speed: 794
X 140000  Y 140000
X 140000  Y 340000
X 540000  Y 140000
X 540000  Y 340000

End of Listing
