Drill Listing
=============
Drill: .035  Tool: 1  Feed: 197  Speed: 550
X 131000  Y 172000
X 141000  Y 172000
X 185000  Y 162000
X 185000  Y 172000
X 195000  Y 162000
X 195000  Y 172000
X 199500  Y 139500
X 199500  Y 129500
X 205000  Y 162000
X 205000  Y 172000
X 215000  Y 162000
X 215000  Y 172000
X 187000  Y 191000
X 177000  Y 191000
X 167000  Y 191000
X 141000  Y 182000
X 141000  Y 192000
X 131000  Y 182000
X 131000  Y 192000
X 162500  Y 222000
X 162500  Y 206000
X 197500  Y 222000
X 197500  Y 206000

Drill: .12598  Tool: 2  Feed: 35  Speed: 794
X 140000  Y 140000
X 220000  Y 140000
X 220000  Y 220000
X 140000  Y 220000

End of Listing
