Drill Listing
=============
Drill: .012  Tool: 1  Feed: 95  Speed: 300
X 157475  Y 179775
X 162200  Y 179775
X 166924  Y 179775
X 166924  Y 184500
X 166924  Y 189224
X 162200  Y 189224
X 162200  Y 184500
X 157475  Y 184500
X 157475  Y 189224

Drill: .016  Tool: 2  Feed: 95  Speed: 300
X 106100  Y 109000
X 114800  Y 105200
X 131900  Y 105500
X 133900  Y 116800
X 142500  Y 105500
X 153800  Y 106400
X 175500  Y 106200
X 182600  Y 106000
X 201700  Y 105600
X 209000  Y 106000
X 226000  Y 126500
X 230300  Y 105500
X 241600  Y 105500
X 254800  Y 112000
X 253500  Y 131000
X 208500  Y 130500
X 201800  Y 149400
X 201500  Y 133500
X 197200  Y 143600
X 188500  Y 137000
X 187500  Y 148000
X 175500  Y 146000
X 171000  Y 143000
X 166000  Y 136000
X 155000  Y 153500
X 141500  Y 146500
X 133300  Y 133700
X 120500  Y 137700
X 112100  Y 136400
X 106100  Y 130200
X 106000  Y 140000
X 137900  Y 155300
X 138100  Y 178600
X 138200  Y 166000
X 156400  Y 159600
X 159600  Y 170400
X 172000  Y 170000
X 178000  Y 177000
X 186500  Y 172000
X 192000  Y 176600
X 192500  Y 157500
X 198500  Y 158500
X 235000  Y 158500
X 247000  Y 157000
X 254000  Y 181500
X 220500  Y 199500
X 208000  Y 201000
X 184000  Y 187500
X 176000  Y 186500
X 175500  Y 194000
X 162500  Y 199500
X 138100  Y 190200
X 137500  Y 199500
X 130000  Y 185500
X 120000  Y 181000
X 110000  Y 184000
X 104500  Y 191500
X 108400  Y 215100
X 116800  Y 215300
X 130200  Y 215400
X 134800  Y 207400
X 138000  Y 214500
X 145500  Y 212000
X 165500  Y 208500
X 180500  Y 208000
X 185500  Y 207500
X 202300  Y 212400
X 216100  Y 209200
X 225700  Y 210900
X 254500  Y 209500

Drill: .035  Tool: 3  Feed: 197  Speed: 550
X 172000  Y 126000
X 172000  Y 116000
X 182000  Y 126000
X 182000  Y 116000
X 192000  Y 126000
X 192000  Y 116000
X 216000  Y 135000
X 216000  Y 145000
X 216000  Y 155000
X 226000  Y 135000
X 226000  Y 155000
X 226000  Y 145000
X 226000  Y 165000
X 226000  Y 175000
X 226000  Y 185000
X 216000  Y 175000
X 216000  Y 165000
X 216000  Y 185000

Drill: .05079  Tool: 4  Feed: 107  Speed: 550
X 120000  Y 160000

Drill: .05709  Tool: 5  Feed: 107  Speed: 550
X 110000  Y 150000
X 110000  Y 170000
X 130000  Y 150000
X 130000  Y 170000

Drill: .12598  Tool: 6  Feed: 35  Speed: 794
X 120000  Y 120000
X 120000  Y 200000
X 240000  Y 200000
X 240000  Y 120000

End of Listing
