Drill Listing
=============
Drill: .03  Tool: 1  Feed: 197  Speed: 550
X 171000  Y 165000
X 163000  Y 165000
X 163000  Y 175000
X 171000  Y 175000
X 266000  Y 199000
X 210000  Y 198000
X 255000  Y 198000
X 266000  Y 153000

Drill: .035  Tool: 2  Feed: 197  Speed: 550
X 175000  Y 125000
X 165000  Y 125000
X 175000  Y 135000
X 165000  Y 135000
X 165000  Y 205000
X 175000  Y 205000
X 165000  Y 215000
X 175000  Y 215000
X 185000  Y 215000
X 200000  Y 215000
X 185000  Y 205000
X 185000  Y 135000
X 200000  Y 135000
X 185000  Y 125000
X 200000  Y 125000
X 220000  Y 125000
X 210000  Y 125000
X 220000  Y 135000
X 210000  Y 135000
X 214000  Y 162500
X 214000  Y 172500
X 214000  Y 182500
X 210000  Y 215000
X 220000  Y 215000
X 248000  Y 215000
X 250000  Y 135000
X 230000  Y 135000
X 240000  Y 135000
X 230000  Y 125000
X 250000  Y 125000
X 240000  Y 125000
X 260000  Y 125000
X 270000  Y 125000
X 270000  Y 135000
X 260000  Y 135000
X 275000  Y 180063
X 275000  Y 189937
X 258000  Y 215000
X 268000  Y 215000
X 293000  Y 189937
X 293000  Y 180063
X 284000  Y 155000
X 294000  Y 155000

Drill: .09  Tool: 3  Feed: 66  Speed: 550
X 152000  Y 146000
X 152000  Y 194000

Drill: .12598  Tool: 4  Feed: 35  Speed: 794
X 130000  Y 130000
X 130000  Y 210000
X 290000  Y 210000
X 290000  Y 130000

End of Listing
