Drill Listing
=============
Drill: .035  Tool: 1  Feed: 197  Speed: 550
X 183000  Y 128000
X 183000  Y 138000
X 183000  Y 148000
X 193000  Y 128000
X 193000  Y 138000
X 193000  Y 148000
X 203000  Y 128000
X 203000  Y 138000
X 203000  Y 148000
X 213000  Y 128000
X 213000  Y 138000
X 213000  Y 148000
X 223000  Y 138000
X 223000  Y 128000
X 223000  Y 148000
X 233000  Y 128000
X 233000  Y 148000
X 233000  Y 138000
X 243000  Y 128000
X 243000  Y 138000
X 243000  Y 148000
X 253000  Y 128000
X 253000  Y 138000
X 253000  Y 148000
X 263000  Y 138000
X 263000  Y 128000
X 263000  Y 148000
X 273000  Y 128000
X 273000  Y 148000
X 273000  Y 138000
X 283000  Y 138000
X 283000  Y 128000
X 283000  Y 148000
X 293000  Y 128000
X 293000  Y 148000
X 293000  Y 138000
X 308000  Y 162500
X 308000  Y 197500
X 288900  Y 172000
X 278000  Y 202000
X 275100  Y 172000
X 248000  Y 224000
X 248000  Y 214000
X 248000  Y 204000
X 278000  Y 222000
X 282000  Y 252000
X 308000  Y 205062
X 308000  Y 214937
X 342000  Y 252000
X 316000  Y 290000
X 296000  Y 290000
X 259900  Y 255000
X 246100  Y 255000

Drill: .04  Tool: 2  Feed: 139  Speed: 550
X 142000  Y 218000
X 338000  Y 184000
X 338000  Y 204000
X 142000  Y 238000

Drill: .043  Tool: 3  Feed: 139  Speed: 550
X 180000  Y 196000
X 180000  Y 183000
X 180000  Y 209000

Drill: .05  Tool: 4  Feed: 107  Speed: 550
X 246000  Y 285000
X 252500  Y 300500
X 259500  Y 285000
X 266500  Y 300500
X 273000  Y 285000

Drill: .05118  Tool: 5  Feed: 107  Speed: 550
X 132141  Y 164000
X 151858  Y 164000
X 213000  Y 161661
X 328141  Y 164000
X 347858  Y 164000
X 347858  Y 224000
X 328141  Y 224000
X 213000  Y 224653
X 213000  Y 181346
X 151858  Y 198000
X 151858  Y 181000
X 132141  Y 181000
X 132141  Y 198000
X 132141  Y 258000
X 132141  Y 275000
X 151858  Y 275000
X 151858  Y 258000
X 175000  Y 267858
X 175000  Y 248141
X 213000  Y 244338
X 175000  Y 285141
X 175000  Y 304858

Drill: .052  Tool: 6  Feed: 107  Speed: 550
X 199000  Y 255500
X 223000  Y 255500
X 223000  Y 310500
X 199000  Y 310500

Drill: .12598  Tool: 7  Feed: 35  Speed: 794
X 140000  Y 140000
X 340000  Y 140000
X 340000  Y 300000
X 140000  Y 300000

End of Listing
