Drill Listing
=============
Drill: .02913  Tool: 1  Feed: 197  Speed: 550
X 304053  Y 245000
X 309959  Y 250000
X 309959  Y 255000
X 304053  Y 260000
X 309959  Y 265000
X 309959  Y 270000
X 304053  Y 275000

Drill: .035  Tool: 2  Feed: 197  Speed: 550
X 234780  Y 363350
X 234780  Y 373350
X 234780  Y 383350
X 244780  Y 383350
X 244780  Y 373350
X 244780  Y 363350
X 351684  Y 167415
X 361684  Y 167415
X 352539  Y 318876
X 362539  Y 318876
X 448353  Y 330027
X 448353  Y 320027
X 448353  Y 310027
X 438612  Y 205216
X 438612  Y 195216
X 438612  Y 185216
X 485000  Y 240000
X 495000  Y 240000
X 485000  Y 250000
X 495000  Y 250000
X 495000  Y 260000
X 485000  Y 260000
X 495000  Y 270000
X 485000  Y 270000
X 495000  Y 280000
X 485000  Y 280000

Drill: .037  Tool: 3  Feed: 197  Speed: 550
X 202500  Y 167500
X 171221  Y 178056
X 193900  Y 216400
X 199160  Y 250462
X 202500  Y 260000
X 189000  Y 264000
X 210000  Y 305000
X 173383  Y 327841
X 135148  Y 343247
X 200200  Y 345400
X 173841  Y 377697
X 200000  Y 392500
X 217142  Y 384345
X 257500  Y 350000
X 237317  Y 349678
X 227500  Y 318100
X 257500  Y 310000
X 255000  Y 302500
X 240000  Y 262500
X 247500  Y 240000
X 231400  Y 206200
X 255000  Y 202500
X 227500  Y 174100
X 255000  Y 165000
X 294348  Y 158393
X 280000  Y 165000
X 300000  Y 172500
X 280000  Y 202500
X 283300  Y 260500
X 269200  Y 282400
X 280000  Y 310000
X 297300  Y 318300
X 280000  Y 350000
X 354545  Y 370302
X 344800  Y 358300
X 343900  Y 284500
X 340300  Y 260200
X 326500  Y 260200
X 344370  Y 228280
X 357500  Y 197500
X 422500  Y 160000
X 412500  Y 195000
X 366833  Y 215634
X 416559  Y 237789
X 416589  Y 260672
X 420000  Y 330000
X 397500  Y 342500
X 438056  Y 346095
X 437500  Y 300000
X 446745  Y 293634
X 453434  Y 170753

Drill: .05079  Tool: 4  Feed: 107  Speed: 550
X 155000  Y 260000

Drill: .051  Tool: 5  Feed: 107  Speed: 550
X 338741  Y 324253
X 298741  Y 334253
X 338741  Y 344253

Drill: .05315  Tool: 6  Feed: 107  Speed: 550
X 309959  Y 235314
X 313896  Y 285826

Drill: .05709  Tool: 7  Feed: 107  Speed: 550
X 145000  Y 250000
X 165000  Y 250000
X 165000  Y 270000
X 145000  Y 270000

Drill: .07874  Tool: 8  Feed: 81  Speed: 550
X 480000  Y 200000
X 480000  Y 320000

Drill: .09843  Tool: 9  Feed: 66  Speed: 550
X 480000  Y 180314
X 480000  Y 219685
X 480000  Y 300314
X 480000  Y 339685
X 502834  Y 320000
X 502834  Y 200000

Drill: .12598  Tool: 10  Feed: 35  Speed: 794
X 140000  Y 140000
X 140000  Y 380000
X 500000  Y 380000
X 500000  Y 140000

End of Listing
