Drill Listing
=============
Drill: 2  Tool: 1  Feed: 0  Speed: 0
X 110000  Y 110000
X 290000  Y 110000
X 290000  Y 290000

Drill: 35  Tool: 2  Feed: 197  Speed: 550
X 130000  Y 227000
X 150000  Y 227000
X 170000  Y 227000
X 183000  Y 245000
X 173000  Y 245000
X 163000  Y 245000
X 226000  Y 263000
X 226000  Y 253000
X 202500  Y 160000
X 192500  Y 145000
X 202500  Y 145000
X 212500  Y 145000
X 202500  Y 135000
X 192500  Y 135000
X 212500  Y 135000
X 237500  Y 160000
X 240000  Y 227000
X 250000  Y 227000
X 260000  Y 227000
X 270000  Y 227000
X 236000  Y 253000
X 236000  Y 263000

Drill: 125.98  Tool: 3  Feed: 35  Speed: 794
X 140000  Y 140000
X 140000  Y 260000
X 260000  Y 260000
X 260000  Y 140000

End of Listing
