Drill Listing
=============
Drill: .035  Tool: 1  Feed: 197  Speed: 550
X 135000  Y 165000
X 145000  Y 165000
X 135000  Y 175000
X 145000  Y 175000
X 135000  Y 185000
X 145000  Y 185000
X 135000  Y 195000
X 145000  Y 195000
X 135000  Y 205000
X 145000  Y 205000
X 135000  Y 215000
X 145000  Y 215000
X 135000  Y 225000
X 145000  Y 225000
X 135000  Y 235000
X 145000  Y 235000
X 184000  Y 265000
X 174000  Y 265000
X 164000  Y 265000
X 174000  Y 255000
X 184000  Y 255000
X 164000  Y 255000
X 165000  Y 235000
X 165000  Y 225000
X 165000  Y 215000
X 165000  Y 205000
X 165000  Y 195000
X 165000  Y 185000
X 165000  Y 175000
X 165000  Y 165000
X 162500  Y 150000
X 197500  Y 150000
X 195000  Y 165000
X 195000  Y 175000
X 195000  Y 185000
X 195000  Y 195000
X 195000  Y 205000
X 195000  Y 215000
X 195000  Y 225000
X 195000  Y 235000
X 198000  Y 246141
X 198000  Y 265858
X 225000  Y 235000
X 215000  Y 235000
X 225000  Y 225000
X 215000  Y 225000
X 215000  Y 215000
X 225000  Y 215000
X 225000  Y 205000
X 215000  Y 205000
X 215000  Y 195000
X 225000  Y 195000
X 225000  Y 185000
X 215000  Y 185000
X 215000  Y 175000
X 225000  Y 175000
X 215000  Y 165000
X 225000  Y 165000

Drill: .12598  Tool: 2  Feed: 35  Speed: 794
X 140000  Y 140000
X 140000  Y 260000
X 220000  Y 260000
X 220000  Y 140000

End of Listing
