Drill Listing
=============
Drill: .022  Tool: 1  Feed: 197  Speed: 550
X 127900  Y 127800
X 159400  Y 131800
X 163300  Y 145600
X 171000  Y 130500
X 176200  Y 140800
X 183700  Y 129700
X 192000  Y 147000
X 194400  Y 133200
X 208400  Y 135600
X 213700  Y 127800
X 230800  Y 127900
X 241600  Y 145300
X 250000  Y 145000
X 250000  Y 127800
X 280600  Y 144700
X 285700  Y 129400
X 293300  Y 141900
X 295900  Y 152500
X 303100  Y 129100
X 307900  Y 141900
X 318400  Y 152500
X 320600  Y 141500
X 324100  Y 130000
X 351400  Y 129100
X 351100  Y 157600
X 347200  Y 175300
X 337900  Y 158800
X 328400  Y 155900
X 306800  Y 155400
X 283600  Y 174000
X 273000  Y 174200
X 257800  Y 175900
X 256100  Y 152800
X 249400  Y 173500
X 229100  Y 174900
X 202200  Y 172000
X 201000  Y 158800
X 196000  Y 164600
X 184900  Y 174700
X 173000  Y 155000
X 169600  Y 172900
X 154800  Y 154400
X 129500  Y 157500
X 128800  Y 197200
X 131400  Y 185400
X 143200  Y 179800
X 144700  Y 193300
X 197500  Y 196000
X 212400  Y 177800
X 223000  Y 178000
X 223600  Y 188400
X 248200  Y 181900
X 254800  Y 184900
X 266200  Y 181000
X 351800  Y 190900
X 349900  Y 214000
X 294600  Y 227400
X 284500  Y 219100
X 274800  Y 220800
X 267400  Y 210700
X 265600  Y 220300
X 250000  Y 220000
X 229800  Y 223000
X 229800  Y 213200
X 224600  Y 218000
X 220000  Y 223000
X 219800  Y 213600
X 129400  Y 245800
X 143800  Y 245200
X 232000  Y 249000
X 245000  Y 249800
X 270400  Y 248200
X 272000  Y 233400
X 278000  Y 240000
X 281600  Y 230000
X 282100  Y 248200
X 294400  Y 244900
X 301000  Y 232000
X 315800  Y 236200
X 315800  Y 245200
X 324400  Y 238400
X 333000  Y 228800
X 341500  Y 243400
X 352300  Y 235900
X 352000  Y 270400
X 322900  Y 269500
X 306100  Y 268900
X 291700  Y 264700
X 278200  Y 270400
X 272800  Y 259900
X 261400  Y 271900
X 252100  Y 262600
X 244900  Y 272800
X 234700  Y 263500
X 224900  Y 270600
X 220000  Y 262600
X 207400  Y 271000
X 193900  Y 268300
X 181900  Y 273100
X 170800  Y 268000
X 157300  Y 262600
X 151900  Y 271500
X 127600  Y 271900

Drill: .02362  Tool: 2  Feed: 197  Speed: 550
X 306433  Y 194433
X 306433  Y 205566
X 317566  Y 194433
X 317566  Y 205566

Drill: .035  Tool: 3  Feed: 197  Speed: 550
X 208000  Y 155000
X 208000  Y 165000
X 218000  Y 165000
X 218000  Y 155000
X 228000  Y 155000
X 228000  Y 165000
X 238000  Y 155000
X 238000  Y 165000
X 248000  Y 165000
X 248000  Y 155000
X 263000  Y 135000
X 263000  Y 145000
X 263000  Y 165000
X 263000  Y 155000
X 273000  Y 135000
X 273000  Y 165000
X 273000  Y 145000
X 273000  Y 155000
X 269000  Y 193000
X 269000  Y 203000
X 259000  Y 193000
X 259000  Y 213000
X 259000  Y 203000
X 249000  Y 213000
X 249000  Y 193000
X 249000  Y 203000
X 185000  Y 214000
X 185000  Y 184000
X 185000  Y 224000
X 185000  Y 194000
X 185000  Y 204000
X 175000  Y 224000
X 175000  Y 194000
X 175000  Y 184000
X 175000  Y 204000
X 175000  Y 214000
X 142000  Y 212000
X 142000  Y 222000
X 132000  Y 212000
X 132000  Y 222000
X 132000  Y 232000
X 142000  Y 232000
X 175000  Y 234000
X 175000  Y 244000
X 185000  Y 244000
X 185000  Y 234000
X 203000  Y 250000
X 253000  Y 228000
X 253000  Y 238000
X 253000  Y 248000
X 263000  Y 248000
X 263000  Y 228000
X 263000  Y 238000
X 309000  Y 254000
X 299000  Y 254000
X 289000  Y 254000
X 203000  Y 260000

Drill: .12598  Tool: 4  Feed: 35  Speed: 794
X 140000  Y 140000
X 340000  Y 140000
X 340000  Y 260000
X 140000  Y 260000

End of Listing
