Drill Listing
=============
Drill: .025  Tool: 1  Feed: 197  Speed: 550
X 162500  Y 195000
X 162500  Y 185000
X 170500  Y 185000
X 170500  Y 195000

Drill: .028  Tool: 2  Feed: 197  Speed: 550
X 257348  Y 153196
X 257348  Y 172913

Drill: .03  Tool: 3  Feed: 197  Speed: 550
X 132062  Y 153000
X 141937  Y 153000
X 237062  Y 135500
X 246937  Y 135500
X 141937  Y 225000
X 132062  Y 225000

Drill: .035  Tool: 4  Feed: 197  Speed: 550
X 162000  Y 142000
X 162000  Y 132000
X 162000  Y 122000
X 172000  Y 132000
X 172000  Y 142000
X 172000  Y 122000
X 291000  Y 121314
X 330000  Y 133000
X 330000  Y 123000
X 340000  Y 123000
X 340000  Y 133000
X 350000  Y 123000
X 350000  Y 133000
X 352000  Y 163000
X 352000  Y 173000
X 342000  Y 163000
X 342000  Y 173000
X 332000  Y 173000
X 332000  Y 163000
X 291000  Y 160685
X 160500  Y 226400
X 177500  Y 226400
X 189000  Y 226000
X 199000  Y 226000
X 209000  Y 226000
X 229000  Y 226000
X 239000  Y 226000
X 295000  Y 234000
X 305000  Y 234000
X 325000  Y 234000
X 335000  Y 234000
X 345000  Y 234000
X 177500  Y 251600
X 160500  Y 251600

Drill: .04  Tool: 5  Feed: 139  Speed: 550
X 322400  Y 185300
X 322400  Y 220700
X 361600  Y 220700
X 361600  Y 185300

Drill: .04724  Tool: 6  Feed: 139  Speed: 550
X 331600  Y 191200
X 331600  Y 214800
X 331600  Y 203000
X 352400  Y 191200
X 352400  Y 214800
X 352400  Y 203000

Drill: .09  Tool: 7  Feed: 66  Speed: 550
X 151500  Y 166000
X 151500  Y 214000

Drill: .12598  Tool: 8  Feed: 35  Speed: 794
X 130000  Y 130000
X 370000  Y 130000
X 370000  Y 250000
X 130000  Y 250000

End of Listing
