
ROM used: 243 (3%)
          243 (3%) including unused fragments

          0 Average locations per line
          9 Average locations per statement

RAM used: 10 (3%) at main() level
          10 (3%) worst case

Stack used: 1 worst case (out of 8 total available)

Lines Stmts  %   Files
----- ----- ---  -----
   46    27 100  main.c
   20     0   0  main.h
  423     0   0  ..\..\..\..\..\Program Files (x86)\PICC\devices\16F887.h
----- -----
  489    27 Total

Page ROM  %  RAM   Vol Diff  Functions:
---- --- --- ---   --- ----  ----------
0     20   8   1             @delay_ms1
0    219  90   4   660  5.8  main

Program metrics:
    Functions               1
    Statements              27
    Comments                85
    Volume (V)              662
    Difficilty (D)          5.7
    Effort to implement (E) 3750
    Time to implement (T)   3 minutes
    Est Delivered Bugs (B)  0
    Cyclomatic Complexity   1
    Maintainability (MI)    133

 Segment     Used  Free
-----------  ----  ----
00000-00003     4  0  
00004-007FF   239  1805  
00800-00FFF     0  2048  
01000-017FF     0  2048  
01800-01FFF     0  2048  



