Drill Listing
=============
Drill: .035  Tool: 1  Feed: 197  Speed: 550
X 161741  Y 136103
X 161741  Y 146103
X 171741  Y 136103
X 171741  Y 146103
X 181741  Y 136103
X 181741  Y 146103
X 149000  Y 185000
X 149000  Y 175000
X 149000  Y 165000
X 139000  Y 185000
X 139000  Y 175000
X 139000  Y 165000
X 129000  Y 175000
X 129000  Y 185000
X 129000  Y 165000

Drill: .05079  Tool: 2  Feed: 107  Speed: 550
X 221000  Y 185000

Drill: .05709  Tool: 3  Feed: 107  Speed: 550
X 211000  Y 175000
X 211000  Y 195000
X 231000  Y 175000
X 231000  Y 195000

Drill: .12598  Tool: 4  Feed: 35  Speed: 794
X 140000  Y 140000
X 220000  Y 140000
X 220000  Y 220000
X 140000  Y 220000

End of Listing
