Drill Listing
=============
Drill: 2  Tool: 1  Feed: 0  Speed: 0
X 110000  Y 110000
X 290000  Y 110000
X 290000  Y 290000

Drill: 35  Tool: 2  Feed: 197  Speed: 550
X 130000  Y 225000
X 150000  Y 225000
X 140000  Y 225000
X 170000  Y 225000
X 177500  Y 257500
X 167500  Y 257500
X 167500  Y 267500
X 177500  Y 267500
X 229000  Y 244000
X 219000  Y 244000
X 210000  Y 225000
X 202500  Y 157500
X 202500  Y 140000
X 192500  Y 140000
X 212500  Y 140000
X 192500  Y 130000
X 212500  Y 130000
X 202500  Y 130000
X 237500  Y 157500
X 250000  Y 225000
X 260000  Y 225000
X 270000  Y 225000
X 239000  Y 244000

Drill: 125.98  Tool: 3  Feed: 35  Speed: 794
X 140000  Y 140000
X 140000  Y 260000
X 260000  Y 260000
X 260000  Y 140000

End of Listing
