Drill Listing
=============
Drill: .035  Tool: 1  Feed: 197  Speed: 550
X 183000  Y 128000
X 183000  Y 138000
X 183000  Y 148000
X 193000  Y 128000
X 193000  Y 138000
X 193000  Y 148000
X 203000  Y 128000
X 203000  Y 138000
X 203000  Y 148000
X 213000  Y 128000
X 213000  Y 138000
X 213000  Y 148000
X 223000  Y 138000
X 223000  Y 128000
X 223000  Y 148000
X 233000  Y 128000
X 233000  Y 148000
X 233000  Y 138000
X 243000  Y 128000
X 243000  Y 138000
X 243000  Y 148000
X 253000  Y 128000
X 253000  Y 138000
X 253000  Y 148000
X 263000  Y 138000
X 263000  Y 128000
X 263000  Y 148000
X 273000  Y 128000
X 273000  Y 148000
X 273000  Y 138000
X 283000  Y 138000
X 283000  Y 128000
X 283000  Y 148000
X 293000  Y 128000
X 293000  Y 148000
X 293000  Y 138000
X 308000  Y 182500
X 308000  Y 227062
X 308000  Y 217500
X 290900  Y 172000
X 277100  Y 172000
X 274000  Y 222000
X 274000  Y 202000
X 246100  Y 255000
X 259900  Y 255000
X 277000  Y 247000
X 277000  Y 257000
X 277000  Y 267000
X 288000  Y 256000
X 308000  Y 236937
X 348000  Y 256000
X 313000  Y 291000
X 293000  Y 291000

Drill: .04  Tool: 2  Feed: 139  Speed: 550
X 142000  Y 218000
X 338000  Y 190000
X 338000  Y 210000
X 142000  Y 238000

Drill: .043  Tool: 3  Feed: 139  Speed: 550
X 177000  Y 218000
X 177000  Y 231000
X 177000  Y 244000

Drill: .05  Tool: 4  Feed: 107  Speed: 550
X 246000  Y 285000
X 252500  Y 300500
X 259500  Y 285000
X 266500  Y 300500
X 273000  Y 285000

Drill: .05118  Tool: 5  Feed: 107  Speed: 550
X 132141  Y 164000
X 151858  Y 164000
X 177000  Y 172141
X 213000  Y 161661
X 328141  Y 168000
X 347858  Y 168000
X 213000  Y 181346
X 213000  Y 224653
X 177000  Y 191858
X 151858  Y 198000
X 151858  Y 181000
X 132141  Y 198000
X 132141  Y 181000
X 132141  Y 275000
X 132141  Y 258000
X 151858  Y 258000
X 151858  Y 275000
X 213000  Y 244338
X 328141  Y 232000
X 347858  Y 232000

Drill: .052  Tool: 6  Feed: 107  Speed: 550
X 199000  Y 255500
X 223000  Y 255500
X 223000  Y 310500
X 199000  Y 310500

Drill: .12598  Tool: 7  Feed: 35  Speed: 794
X 140000  Y 140000
X 340000  Y 140000
X 340000  Y 300000
X 140000  Y 300000

End of Listing
