Drill Listing
=============
Drill: .035  Tool: 1  Feed: 197  Speed: 550
X 148720  Y 184522
X 128000  Y 211000
X 128000  Y 221000
X 127000  Y 269000
X 137000  Y 269000
X 137000  Y 279000
X 127000  Y 279000
X 137000  Y 289000
X 127000  Y 289000
X 127000  Y 299000
X 137000  Y 299000
X 178179  Y 221000
X 178179  Y 211000
X 168720  Y 184522
X 158720  Y 184522
X 223720  Y 184522
X 213720  Y 184522
X 203720  Y 184522
X 221191  Y 138122
X 211191  Y 138122
X 211191  Y 128122
X 221191  Y 128122
X 231191  Y 128122
X 241191  Y 128122
X 231191  Y 138122
X 241191  Y 138122
X 268720  Y 184522
X 258720  Y 184522
X 233179  Y 211000
X 233179  Y 221000
X 288179  Y 221000
X 288179  Y 211000
X 278720  Y 184522
X 313720  Y 184522
X 323720  Y 184522
X 333720  Y 184522

Drill: .05118  Tool: 2  Feed: 107  Speed: 550
X 156657  Y 288157
X 176342  Y 288157
X 196157  Y 288157
X 176342  Y 307842
X 196157  Y 307842
X 156657  Y 307842
X 215842  Y 307842
X 235657  Y 307842
X 255342  Y 307842
X 275157  Y 307842
X 215842  Y 288157
X 255342  Y 288157
X 235657  Y 288157
X 275157  Y 288157
X 318691  Y 270004
X 338376  Y 270004
X 294842  Y 288157
X 338376  Y 289689
X 318691  Y 289689
X 294842  Y 307842

Drill: .12598  Tool: 3  Feed: 35  Speed: 794
X 130000  Y 130000
X 130000  Y 330000
X 330000  Y 330000
X 330000  Y 130000

End of Listing
