Drill Listing
=============
Drill: .022  Tool: 1  Feed: 197  Speed: 550
X 127000  Y 126000
X 131000  Y 152500
X 140000  Y 162500
X 135000  Y 172500
X 126000  Y 173000
X 136000  Y 191500
X 125500  Y 192000
X 126000  Y 205000
X 138000  Y 205000
X 149500  Y 208000
X 138500  Y 216500
X 127000  Y 218500
X 140500  Y 228500
X 129500  Y 233000
X 140500  Y 240500
X 128000  Y 246000
X 127000  Y 272000
X 158000  Y 272500
X 168000  Y 271500
X 175000  Y 266000
X 159500  Y 261000
X 167500  Y 250000
X 152000  Y 245000
X 174500  Y 217000
X 171500  Y 204500
X 160000  Y 204000
X 156500  Y 168500
X 175000  Y 164000
X 164000  Y 160000
X 152500  Y 154500
X 166500  Y 148500
X 158500  Y 139000
X 171000  Y 138000
X 156000  Y 127500
X 197000  Y 128000
X 175500  Y 128000
X 187500  Y 138000
X 199300  Y 147300
X 177500  Y 149500
X 190000  Y 149500
X 196000  Y 158000
X 184000  Y 161500
X 176200  Y 183700
X 183000  Y 188500
X 175500  Y 195500
X 190500  Y 198000
X 182000  Y 205500
X 194000  Y 209000
X 186000  Y 234000
X 175500  Y 235500
X 191000  Y 246500
X 179000  Y 249000
X 187000  Y 257500
X 192500  Y 270000
X 182500  Y 273000
X 207500  Y 270000
X 219000  Y 264000
X 201000  Y 263000
X 209500  Y 256000
X 220000  Y 255500
X 201500  Y 248500
X 219000  Y 244500
X 202000  Y 237500
X 219000  Y 231000
X 204000  Y 228000
X 211000  Y 196300
X 217100  Y 192000
X 216000  Y 178500
X 224700  Y 175400
X 225000  Y 141000
X 201500  Y 139000
X 214500  Y 130500
X 227500  Y 129500
X 245000  Y 130000
X 237000  Y 138000
X 246000  Y 149000
X 238000  Y 149500
X 226500  Y 155500
X 246000  Y 157000
X 238000  Y 157500
X 243900  Y 172700
X 237000  Y 174000
X 250000  Y 201500
X 235000  Y 207000
X 243000  Y 208500
X 227000  Y 211000
X 227000  Y 219500
X 236500  Y 230000
X 228000  Y 230000
X 227500  Y 243000
X 235500  Y 243000
X 227500  Y 252500
X 240000  Y 258500
X 231000  Y 260000
X 247500  Y 260500
X 239500  Y 271500
X 226000  Y 271500
X 262500  Y 270000
X 269000  Y 255000
X 259000  Y 255000
X 250500  Y 251000
X 252000  Y 243000
X 266500  Y 242500
X 262000  Y 233000
X 252000  Y 233000
X 259300  Y 207300
X 272000  Y 196000
X 251000  Y 174000
X 257300  Y 173000
X 273000  Y 173000
X 254500  Y 157000
X 269500  Y 155000
X 254500  Y 149000
X 275000  Y 146500
X 265500  Y 140000
X 253500  Y 138500
X 264000  Y 128500
X 277000  Y 128500
X 294000  Y 128500
X 284500  Y 136500
X 300400  Y 145200
X 286000  Y 149500
X 298000  Y 154500
X 279000  Y 157500
X 287500  Y 161500
X 299500  Y 164500
X 289900  Y 182900
X 275500  Y 190500
X 276500  Y 201200
X 277500  Y 223500
X 296000  Y 224800
X 288100  Y 232900
X 294500  Y 234500
X 275500  Y 243500
X 296000  Y 252500
X 282500  Y 256000
X 293500  Y 261500
X 276000  Y 268000
X 289500  Y 270500
X 303500  Y 270500
X 321500  Y 270000
X 311500  Y 263000
X 323500  Y 251000
X 325000  Y 228500
X 315000  Y 210500
X 317500  Y 203500
X 305000  Y 195000
X 304000  Y 184500
X 323500  Y 161000
X 311500  Y 156000
X 323500  Y 149500
X 313500  Y 142000
X 303000  Y 135500
X 316000  Y 130000
X 335000  Y 163000
X 346500  Y 166000
X 344500  Y 193000
X 348500  Y 202500
X 326800  Y 203600
X 339500  Y 204000
X 326000  Y 212600
X 339500  Y 216000
X 327000  Y 220500
X 348500  Y 225500
X 338000  Y 229500
X 337000  Y 240000
X 326500  Y 241500
X 350000  Y 241500
X 352000  Y 271000
X 353500  Y 213500
X 353500  Y 191500
X 354000  Y 173500
X 352000  Y 154500
X 353000  Y 126500

Drill: .035  Tool: 2  Feed: 197  Speed: 550
X 165000  Y 216500
X 155000  Y 216500
X 165000  Y 226500
X 155000  Y 226500
X 165000  Y 236500
X 155000  Y 236500
X 267144  Y 213480
X 287144  Y 213480
X 277144  Y 213480
X 314000  Y 223500
X 304000  Y 223500
X 304000  Y 233500
X 314000  Y 233500
X 314000  Y 243500
X 304000  Y 243500
X 304000  Y 253500
X 314000  Y 253500

Drill: .05079  Tool: 3  Feed: 107  Speed: 550
X 156500  Y 182500
X 323500  Y 182500

Drill: .05709  Tool: 4  Feed: 107  Speed: 550
X 146500  Y 172500
X 166500  Y 172500
X 166500  Y 192500
X 146500  Y 192500
X 313500  Y 192500
X 313500  Y 172500
X 333500  Y 172500
X 333500  Y 192500

Drill: .12598  Tool: 5  Feed: 35  Speed: 794
X 140000  Y 140000
X 140000  Y 260000
X 340000  Y 260000
X 340000  Y 140000

End of Listing
