
ROM used: 2455 (30%)
          3936 (48%) including unused fragments

          4 Average locations per line
          14 Average locations per statement

RAM used: 8 (2%) at main() level
          56 (15%) worst case

Stack used: 2 worst case (out of 8 total available)

Lines Stmts  %   Files
----- ----- ---  -----
  232   180 100  main.c
   20     0   0  ..\I2C_magnetometr\main.h
  423     0   0  ..\..\..\..\..\Program Files (x86)\PICC\devices\16F887.h
----- -----
  675   180 Total

Page ROM  %  RAM   Vol Diff  Functions:
---- --- --- ---   --- ----  ----------
0     22   1   1             @delay_ms1
0     51   2   3             @I2C_READ_1
0     52   2   1             @I2C_WRITE_1
0     34   1   1             @PUTCHAR_1_
1   1888  77   2  7452  5.9  main
0     12   0   0             @const78
0     72   3   3             @PSTRINGC7_68
0     39   2   5             @DIV1616
0    128   5   9             @PRINTF_LD_68
0     14   1   0             @const119
0     79   3   4             @PSTRINGCN7_68
0     13   1   0             @const122
0      9   0   0             @const123
0     14   1   0             @const124
0     12   0   0             @const125
0     12   0   0             @const126

Program metrics:
    Functions               1
    Statements              180
    Comments                84
    Volume (V)              7500
    Difficilty (D)          5.6
    Effort to implement (E) 42312
    Time to implement (T)   39 minutes
    Est Delivered Bugs (B)  0
    Cyclomatic Complexity   1
    Maintainability (MI)    90

 Segment     Used  Free
-----------  ----  ----
00000-00003     4  0  
00004-007FF   563  1481  
00800-00FFF  1888  160  
01000-017FF     0  2048  
01800-01FFF     0  2048  



