
ROM used: 1313 (16%)
          1313 (16%) including unused fragments

          2 Average locations per line
          27 Average locations per statement

RAM used: 7 (2%) at main() level
          19 (5%) worst case

Stack used: 3 worst case (out of 8 total available)

Lines Stmts  %   Files
----- ----- ---  -----
   45    27  55  main.c
   20     0   0  main.h
  423     0   0  ..\..\..\..\..\Program Files (x86)\PICC\devices\16F887.h
   10     0   0  BQ34Z100.h
   66    22  45  BQ34Z100.c
----- -----
  564    49 Total

Page ROM  %  RAM   Vol Diff  Functions:
---- --- --- ---   --- ----  ----------
0     22   2   1             @delay_ms1
0     69   5   3   478  4.2  @I2C_READ_1
0     74   6   1   105  3.4  @I2C_WRITE_1
0     36   3   1             @PUTCHAR_1_
0    193  15   8   478  4.2  cteniBAT
0     68   5   4   105  3.4  batintT
 Inline        5    59  2.3  @DIV1616
0     16   1   2    59  2.3  batNAP
0     16   1   2    59  2.3  batPROUD
0     16   1   2    59  2.3  batKAPAKT
0     16   1   2    59  2.3  batKAPMAX
0     16   1   2    59  2.3  batSTAV
0    320  24   1   818  3.3  MAIN
0     25   2   0             @const99
0     70   5   3             @PSTRINGC7_69
0     12   1   0             @const101
0     28   2   0             @const103
0     33   3   3             @PSTRINGCN_69
0    128  10   9             @PRINTF_LD_69
0     13   1   0             @const108
0     79   6   4             @PSTRINGCN7_69
0     13   1   0             @const111
0     16   1   0             @const112
0     14   1   0             @const113
0     16   1   0             @const114

Program metrics:
    Functions               11
    Statements              49
    Comments                95
    Volume (V)              3668
    Difficilty (D)          32.9
    Effort to implement (E) 120660
    Time to implement (T)   1 hours, 52 minutes
    Est Delivered Bugs (B)  1
    Cyclomatic Complexity   1
    Maintainability (MI)    67

 Segment     Used  Free
-----------  ----  ----
00000-00003     4  0  
00004-007FF  1309  735  
00800-00FFF     0  2048  
01000-017FF     0  2048  
01800-01FFF     0  2048  



